\BOOKMARK [2][-]{section*.1}{\376\377\000S\000u\000m\000m\000a\000r\000y\000/\000A\000b\000s\000t\000r\000a\000c\000t}{}% 1
\BOOKMARK [1][-]{section*.2}{\376\377\000I\000n\000t\000r\000o\000d\000u\000c\000t\000i\000o\000n}{}% 2
\BOOKMARK [1][-]{section*.3}{\376\377\000M\000e\000t\000h\000o\000d\000s}{}% 3
\BOOKMARK [2][-]{section*.4}{\376\377\000O\000p\000e\000r\000a\000t\000i\000n\000g\000\040\000m\000o\000d\000e\000l\000s}{section*.3}% 4
\BOOKMARK [3][-]{section*.5}{\376\377\000P\000o\000p\000u\000l\000a\000t\000i\000o\000n}{section*.4}% 5
\BOOKMARK [3][-]{section*.9}{\376\377\000E\000n\000v\000i\000r\000o\000n\000m\000e\000n\000t\000a\000l\000\040\000c\000o\000v\000a\000r\000i\000a\000t\000e}{section*.4}% 6
\BOOKMARK [3][-]{section*.11}{\376\377\000R\000a\000n\000d\000o\000m\000\040\000e\000f\000f\000e\000c\000t\000s\000\040\000o\000n\000\040\000r\000e\000c\000r\000u\000i\000t\000m\000e\000n\000t\000,\000\040\000s\000u\000r\000v\000i\000v\000a\000l\000,\000\040\000a\000n\000d\000\040\000n\000a\000t\000u\000r\000a\000l\000\040\000m\000o\000r\000t\000a\000l\000i\000t\000y}{section*.4}% 7
\BOOKMARK [3][-]{section*.12}{\376\377\000F\000l\000e\000e\000t\000s}{section*.4}% 8
\BOOKMARK [3][-]{section*.14}{\376\377\000I\000n\000d\000i\000c\000e\000s}{section*.4}% 9
\BOOKMARK [3][-]{section*.15}{\376\377\000O\000b\000s\000e\000r\000v\000a\000t\000i\000o\000n\000\040\000U\000n\000c\000e\000r\000t\000a\000i\000n\000t\000y}{section*.4}% 10
\BOOKMARK [2][-]{section*.16}{\376\377\000E\000s\000t\000i\000m\000a\000t\000i\000n\000g\000\040\000m\000o\000d\000e\000l\000s}{section*.3}% 11
\BOOKMARK [2][-]{section*.17}{\376\377\000M\000e\000a\000s\000u\000r\000e\000s\000\040\000o\000f\000\040\000r\000e\000l\000i\000a\000b\000i\000l\000i\000t\000y}{section*.3}% 12
\BOOKMARK [3][-]{section*.18}{\376\377\000C\000o\000n\000v\000e\000r\000g\000e\000n\000c\000e}{section*.17}% 13
\BOOKMARK [3][-]{section*.19}{\376\377\000A\000I\000C\000\040\000f\000o\000r\000\040\000m\000o\000d\000e\000l\000\040\000s\000e\000l\000e\000c\000t\000i\000o\000n}{section*.17}% 14
\BOOKMARK [3][-]{section*.20}{\376\377\000B\000i\000a\000s}{section*.17}% 15
\BOOKMARK [1][-]{section*.21}{\376\377\000R\000e\000s\000u\000l\000t\000s}{}% 16
\BOOKMARK [2][-]{section*.22}{\376\377\000C\000o\000n\000v\000e\000r\000g\000e\000n\000c\000e\000\040\000p\000e\000r\000f\000o\000r\000m\000a\000n\000c\000e}{section*.21}% 17
\BOOKMARK [2][-]{section*.25}{\376\377\000A\000I\000C\000\040\000p\000e\000r\000f\000o\000r\000m\000a\000n\000c\000e}{section*.21}% 18
\BOOKMARK [2][-]{section*.28}{\376\377\000B\000i\000a\000s}{section*.21}% 19
\BOOKMARK [3][-]{section*.29}{\376\377\000E\000n\000v\000i\000r\000o\000n\000m\000e\000n\000t\000a\000l\000\040\000e\000f\000f\000e\000c\000t}{section*.28}% 20
\BOOKMARK [3][-]{section*.32}{\376\377\000M\000e\000a\000n\000\040\000n\000a\000t\000u\000r\000a\000l\000\040\000m\000o\000r\000t\000a\000l\000i\000t\000y\000\040\000r\000a\000t\000e}{section*.28}% 21
\BOOKMARK [3][-]{section*.34}{\376\377\000A\000n\000n\000u\000a\000l\000\040\000n\000a\000t\000u\000r\000a\000l\000\040\000m\000o\000r\000a\000l\000i\000t\000y\000\040\000r\000a\000t\000e}{section*.28}% 22
\BOOKMARK [3][-]{section*.38}{\376\377\000S\000p\000a\000w\000n\000i\000n\000g\000\040\000s\000t\000o\000c\000k\000\040\000b\000i\000o\000m\000a\000s\000s}{section*.28}% 23
\BOOKMARK [1][-]{section*.42}{\376\377\000D\000i\000s\000c\000u\000s\000s\000i\000o\000n}{}% 24
\BOOKMARK [1][-]{section*.43}{\376\377\000C\000o\000n\000c\000l\000u\000s\000i\000o\000n\000s}{}% 25
\BOOKMARK [1][-]{section*.44}{\376\377\000A\000c\000k\000n\000o\000w\000l\000e\000d\000g\000e\000m\000e\000n\000t\000s}{}% 26
